#
# A fatal error has been detected by the Java Runtime Environment:
#
#  SIGSEGV (0xb) at pc=0x00007f925c408e60, pid=14844, tid=140266598917888
#
# JRE version: 6.0_45-b06
# Java VM: Java HotSpot(TM) 64-Bit Server VM (20.45-b01 mixed mode linux-amd64 compressed oops)
# Problematic frame:
# C  [libdpfpdd_4k.so+0x5e60]  double+0x38b0
#
# If you would like to submit a bug report, please visit:
#   http://java.sun.com/webapps/bugreport/crash.jsp
# The crash happened outside the Java Virtual Machine in native code.
# See problematic frame for where to report the bug.
#

---------------  T H R E A D  ---------------

Current thread (0x00007f9270445800):  JavaThread "AWT-EventQueue-0" [_thread_in_native, id=14865, stack(0x00007f925cbd6000,0x00007f925ccd7000)]

siginfo:si_signo=SIGSEGV: si_errno=0, si_code=2 (SEGV_ACCERR), si_addr=0x00007f9228ad223e

Registers:
RAX=0x00000000009a687e, RBX=0x00007f9228ad223e, RCX=0x00007f927594e7d0, RDX=0x0000000000000000
RSP=0x00007f925ccd0af0, RBP=0x00007f925ccd0b30, RSI=0x00007f925ccd0b30, RDI=0x00007f9228ad223e
R8 =0x0000000000000ffc, R9 =0x00007f92759633d8, R10=0x00007f9275967278, R11=0x00007f927595aa20
R12=0x00007f925ccd0b88, R13=0x00007f925ccd0b90, R14=0x0000000000000002, R15=0x00007f922812b9c0
RIP=0x00007f925c408e60, EFLAGS=0x0000000000010202, CSGSFS=0x0000000000000033, ERR=0x0000000000000004
  TRAPNO=0x000000000000000e

Top of Stack: (sp=0x00007f925ccd0af0)
0x00007f925ccd0af0:   00007f925c409122 00000000009a687e
0x00007f925ccd0b00:   00007f92704459d0 00007f925c9c5d85
0x00007f925ccd0b10:   00007f925ccd0b30 001b0401e281bcb8
0x00007f925ccd0b20:   00007f9228094ef0 0000004075b57f95
0x00007f925ccd0b30:   0000000000000000 0000000000000000
0x00007f925ccd0b40:   0000000000000000 0000000000000000
0x00007f925ccd0b50:   0000000000000000 00007f92755cf5c8
0x00007f925ccd0b60:   6e6280b54029008a 00007f60000000fe
0x00007f925ccd0b70:   0000002e00000040 00004042000000e4
0x00007f925ccd0b80:   0000005a00000004 00007f9228094f00
0x00007f925ccd0b90:   00007f9228094ef8 00007f9228094ee0
0x00007f925ccd0ba0:   00007f925ccd0c00 00007f92704459d0
0x00007f925ccd0bb0:   00007f925ccd0c80 00007f925ccd0cb0
0x00007f925ccd0bc0:   00007f922812b9c0 0000000000000114
0x00007f925ccd0bd0:   00000000001b0401 00007f925c9c8d04
0x00007f925ccd0be0:   00007f925ccd0ca0 00007f925ccd0ca0
0x00007f925ccd0bf0:   00000000a0e10a80 0000000000000000
0x00007f925ccd0c00:   00000000a0e10a80 00007f925ccd0cb8
0x00007f925ccd0c10:   00007f9270445800 00007f926ccefeee
0x00007f925ccd0c20:   00007f924800bde0 00007f924800c1b8
0x00007f925ccd0c30:   00007f9270445800 000000000000003f
0x00007f925ccd0c40:   00007f925ccd0c40 00000000a0e10a80
0x00007f925ccd0c50:   00007f925ccd0cb8 00000000a0e12c80
0x00007f925ccd0c60:   0000000000000000 00000000a0e10a80
0x00007f925ccd0c70:   0000000000000000 00007f925ccd0ca0
0x00007f925ccd0c80:   00007f925ccd0d00 00007f926cce496e
0x00007f925ccd0c90:   0000000000000000 00007f926ccecf56
0x00007f925ccd0ca0:   00000000e281bde0 00000000001b0401
0x00007f925ccd0cb0:   00000000e281bcb8 00000000e2815008
0x00007f925ccd0cc0:   00007f925ccd0cc0 00000000a0e117cf
0x00007f925ccd0cd0:   00007f925ccd0d40 00000000a0e12c80
0x00007f925ccd0ce0:   0000000000000000 00000000a0e11858 

Instructions: (pc=0x00007f925c408e60)
0x00007f925c408e40:   0f b6 07 0f b6 57 01 c1 e0 08 09 d0 c3 90 66 90
0x00007f925c408e50:   89 f8 40 88 7e 01 c1 e8 08 88 06 c3 66 66 66 90
0x00007f925c408e60:   0f b6 07 0f b6 57 01 c1 e0 08 09 d0 0f b6 57 02
0x00007f925c408e70:   c1 e0 08 09 d0 0f b6 57 03 c1 e0 08 09 d0 c3 90 

Register to memory mapping:

RAX=0x00000000009a687e is an unknown value
RBX=0x00007f9228ad223e is an unknown value
RCX=0x00007f927594e7d0: <offset 0xa897d0> in /usr/lib/jvm/jdk1.6.0_45/jre/lib/amd64/server/libjvm.so at 0x00007f9274ec5000
RDX=0x0000000000000000 is an unknown value
RSP=0x00007f925ccd0af0 is pointing into the stack for thread: 0x00007f9270445800
RBP=0x00007f925ccd0b30 is pointing into the stack for thread: 0x00007f9270445800
RSI=0x00007f925ccd0b30 is pointing into the stack for thread: 0x00007f9270445800
RDI=0x00007f9228ad223e is an unknown value
R8 =0x0000000000000ffc is an unknown value
R9 =0x00007f92759633d8: <offset 0xa9e3d8> in /usr/lib/jvm/jdk1.6.0_45/jre/lib/amd64/server/libjvm.so at 0x00007f9274ec5000
R10=0x00007f9275967278: <offset 0xaa2278> in /usr/lib/jvm/jdk1.6.0_45/jre/lib/amd64/server/libjvm.so at 0x00007f9274ec5000
R11=0x00007f927595aa20: <offset 0xa95a20> in /usr/lib/jvm/jdk1.6.0_45/jre/lib/amd64/server/libjvm.so at 0x00007f9274ec5000
R12=0x00007f925ccd0b88 is pointing into the stack for thread: 0x00007f9270445800
R13=0x00007f925ccd0b90 is pointing into the stack for thread: 0x00007f9270445800
R14=0x0000000000000002 is an unknown value
R15=0x00007f922812b9c0 is an unknown value


Stack: [0x00007f925cbd6000,0x00007f925ccd7000],  sp=0x00007f925ccd0af0,  free space=1002k
Native frames: (J=compiled Java code, j=interpreted, Vv=VM code, C=native code)
C  [libdpfpdd_4k.so+0x5e60]  double+0x38b0

Java frames: (J=compiled Java code, j=interpreted, Vv=VM code)
j  com.digitalpersona.uareu.jni.Dpfj.DpfjImportFid([BILcom/digitalpersona/uareu/dpfpdd/FidImpl;)I+0
j  com.digitalpersona.uareu.jni.Dpfj.import_fid([BLcom/digitalpersona/uareu/Fid$Format;)Lcom/digitalpersona/uareu/Fid;+87
j  com.digitalpersona.uareu.dpfj.ImporterImpl.ImportFid([BLcom/digitalpersona/uareu/Fid$Format;)Lcom/digitalpersona/uareu/Fid;+6
j  sampleu.are.u.VerificationDB.ProcessCaptureResult(Lsampleu/are/u/CaptureThread$CaptureEvent;)Z+372
j  sampleu.are.u.VerificationDB.actionPerformed(Ljava/awt/event/ActionEvent;)V+38
j  sampleu.are.u.CaptureThread$1.run()V+11
j  java.awt.event.InvocationEvent.dispatch()V+47
j  java.awt.EventQueue.dispatchEventImpl(Ljava/awt/AWTEvent;Ljava/lang/Object;)V+21
j  java.awt.EventQueue.access$400(Ljava/awt/EventQueue;Ljava/awt/AWTEvent;Ljava/lang/Object;)V+3
j  java.awt.EventQueue$2.run()Ljava/lang/Void;+12
j  java.awt.EventQueue$2.run()Ljava/lang/Object;+1
v  ~StubRoutines::call_stub
j  java.security.AccessController.doPrivileged(Ljava/security/PrivilegedAction;Ljava/security/AccessControlContext;)Ljava/lang/Object;+0
j  java.security.AccessControlContext$1.doIntersectionPrivilege(Ljava/security/PrivilegedAction;Ljava/security/AccessControlContext;Ljava/security/AccessControlContext;)Ljava/lang/Object;+28
j  java.awt.EventQueue.dispatchEvent(Ljava/awt/AWTEvent;)V+46
j  java.awt.EventDispatchThread.pumpOneEventForFilters(I)Z+204
j  java.awt.EventDispatchThread.pumpEventsForFilter(ILjava/awt/Conditional;Ljava/awt/EventFilter;)V+30
j  java.awt.EventDispatchThread.pumpEventsForFilter(Ljava/awt/Conditional;Ljava/awt/EventFilter;)V+4
j  java.awt.Dialog$1.run()V+23
j  java.awt.Dialog$3.run()Ljava/lang/Object;+4
v  ~StubRoutines::call_stub
j  java.security.AccessController.doPrivileged(Ljava/security/PrivilegedAction;)Ljava/lang/Object;+0
j  java.awt.Dialog.show()V+240
j  java.awt.Component.show(Z)V+5
j  java.awt.Component.setVisible(Z)V+2
j  java.awt.Window.setVisible(Z)V+2
j  java.awt.Dialog.setVisible(Z)V+2
j  sampleu.are.u.VerificationDB.doModal(Ljavax/swing/JDialog;)V+75
j  sampleu.are.u.VerificationDB.Run(Lcom/digitalpersona/uareu/Reader;)V+26
j  sampleu.are.u.UareUSampleJava.actionPerformed(Ljava/awt/event/ActionEvent;)V+213
j  javax.swing.AbstractButton.fireActionPerformed(Ljava/awt/event/ActionEvent;)V+84
j  javax.swing.AbstractButton$Handler.actionPerformed(Ljava/awt/event/ActionEvent;)V+5
j  javax.swing.DefaultButtonModel.fireActionPerformed(Ljava/awt/event/ActionEvent;)V+35
j  javax.swing.DefaultButtonModel.setPressed(Z)V+117
j  javax.swing.plaf.basic.BasicButtonListener.mouseReleased(Ljava/awt/event/MouseEvent;)V+35
j  java.awt.Component.processMouseEvent(Ljava/awt/event/MouseEvent;)V+64
j  javax.swing.JComponent.processMouseEvent(Ljava/awt/event/MouseEvent;)V+23
j  java.awt.Component.processEvent(Ljava/awt/AWTEvent;)V+81
j  java.awt.Container.processEvent(Ljava/awt/AWTEvent;)V+18
j  java.awt.Component.dispatchEventImpl(Ljava/awt/AWTEvent;)V+573
j  java.awt.Container.dispatchEventImpl(Ljava/awt/AWTEvent;)V+42
j  java.awt.Component.dispatchEvent(Ljava/awt/AWTEvent;)V+2
j  java.awt.LightweightDispatcher.retargetMouseEvent(Ljava/awt/Component;ILjava/awt/event/MouseEvent;)V+320
j  java.awt.LightweightDispatcher.processMouseEvent(Ljava/awt/event/MouseEvent;)Z+139
j  java.awt.LightweightDispatcher.dispatchEvent(Ljava/awt/AWTEvent;)Z+50
j  java.awt.Container.dispatchEventImpl(Ljava/awt/AWTEvent;)V+12
j  java.awt.Window.dispatchEventImpl(Ljava/awt/AWTEvent;)V+65
j  java.awt.Component.dispatchEvent(Ljava/awt/AWTEvent;)V+2
j  java.awt.EventQueue.dispatchEventImpl(Ljava/awt/AWTEvent;Ljava/lang/Object;)V+41
j  java.awt.EventQueue.access$400(Ljava/awt/EventQueue;Ljava/awt/AWTEvent;Ljava/lang/Object;)V+3
j  java.awt.EventQueue$2.run()Ljava/lang/Void;+12
j  java.awt.EventQueue$2.run()Ljava/lang/Object;+1
v  ~StubRoutines::call_stub
j  java.security.AccessController.doPrivileged(Ljava/security/PrivilegedAction;Ljava/security/AccessControlContext;)Ljava/lang/Object;+0
j  java.security.AccessControlContext$1.doIntersectionPrivilege(Ljava/security/PrivilegedAction;Ljava/security/AccessControlContext;Ljava/security/AccessControlContext;)Ljava/lang/Object;+28
j  java.security.AccessControlContext$1.doIntersectionPrivilege(Ljava/security/PrivilegedAction;Ljava/security/AccessControlContext;)Ljava/lang/Object;+6
j  java.awt.EventQueue$3.run()Ljava/lang/Void;+11
j  java.awt.EventQueue$3.run()Ljava/lang/Object;+1
v  ~StubRoutines::call_stub
j  java.security.AccessController.doPrivileged(Ljava/security/PrivilegedAction;Ljava/security/AccessControlContext;)Ljava/lang/Object;+0
j  java.security.AccessControlContext$1.doIntersectionPrivilege(Ljava/security/PrivilegedAction;Ljava/security/AccessControlContext;Ljava/security/AccessControlContext;)Ljava/lang/Object;+28
j  java.awt.EventQueue.dispatchEvent(Ljava/awt/AWTEvent;)V+73
j  java.awt.EventDispatchThread.pumpOneEventForFilters(I)Z+204
j  java.awt.EventDispatchThread.pumpEventsForFilter(ILjava/awt/Conditional;Ljava/awt/EventFilter;)V+30
j  java.awt.EventDispatchThread.pumpEventsForFilter(Ljava/awt/Conditional;Ljava/awt/EventFilter;)V+4
j  java.awt.Dialog$1.run()V+23
j  java.awt.Dialog$3.run()Ljava/lang/Object;+4
v  ~StubRoutines::call_stub
j  java.security.AccessController.doPrivileged(Ljava/security/PrivilegedAction;)Ljava/lang/Object;+0
j  java.awt.Dialog.show()V+240
j  java.awt.Component.show(Z)V+5
j  java.awt.Component.setVisible(Z)V+2
j  java.awt.Window.setVisible(Z)V+2
j  java.awt.Dialog.setVisible(Z)V+2
j  sampleu.are.u.UareUSampleJava.doModal(Ljavax/swing/JDialog;)V+33
j  sampleu.are.u.UareUSampleJava.createAndShowGUI()V+43
j  sampleu.are.u.UareUSampleJava.access$000()V+0
j  sampleu.are.u.UareUSampleJava$1.run()V+0
j  java.awt.event.InvocationEvent.dispatch()V+47
j  java.awt.EventQueue.dispatchEventImpl(Ljava/awt/AWTEvent;Ljava/lang/Object;)V+21
j  java.awt.EventQueue.access$400(Ljava/awt/EventQueue;Ljava/awt/AWTEvent;Ljava/lang/Object;)V+3
j  java.awt.EventQueue$2.run()Ljava/lang/Void;+12
j  java.awt.EventQueue$2.run()Ljava/lang/Object;+1
v  ~StubRoutines::call_stub
j  java.security.AccessController.doPrivileged(Ljava/security/PrivilegedAction;Ljava/security/AccessControlContext;)Ljava/lang/Object;+0
j  java.security.AccessControlContext$1.doIntersectionPrivilege(Ljava/security/PrivilegedAction;Ljava/security/AccessControlContext;Ljava/security/AccessControlContext;)Ljava/lang/Object;+28
j  java.awt.EventQueue.dispatchEvent(Ljava/awt/AWTEvent;)V+46
j  java.awt.EventDispatchThread.pumpOneEventForFilters(I)Z+204
j  java.awt.EventDispatchThread.pumpEventsForFilter(ILjava/awt/Conditional;Ljava/awt/EventFilter;)V+30
j  java.awt.EventDispatchThread.pumpEventsForHierarchy(ILjava/awt/Conditional;Ljava/awt/Component;)V+11
j  java.awt.EventDispatchThread.pumpEvents(ILjava/awt/Conditional;)V+4
j  java.awt.EventDispatchThread.pumpEvents(Ljava/awt/Conditional;)V+3
j  java.awt.EventDispatchThread.run()V+9
v  ~StubRoutines::call_stub

---------------  P R O C E S S  ---------------

Java Threads: ( => current thread )
  0x00007f9228139000 JavaThread "TimerQueue" daemon [_thread_blocked, id=14867, stack(0x00007f925c0f9000,0x00007f925c1fa000)]
  0x00007f9270008000 JavaThread "DestroyJavaVM" [_thread_blocked, id=14848, stack(0x00007f9274ac8000,0x00007f9274bc9000)]
=>0x00007f9270445800 JavaThread "AWT-EventQueue-0" [_thread_in_native, id=14865, stack(0x00007f925cbd6000,0x00007f925ccd7000)]
  0x00007f9270444000 JavaThread "AWT-Shutdown" [_thread_blocked, id=14864, stack(0x00007f925cdf6000,0x00007f925cef7000)]
  0x00007f9270443000 JavaThread "AWT-XAWT" daemon [_thread_in_native, id=14863, stack(0x00007f925cef7000,0x00007f925cff8000)]
  0x00007f92701fc000 JavaThread "Java2D Disposer" daemon [_thread_blocked, id=14862, stack(0x00007f925d62e000,0x00007f925d72f000)]
  0x00007f92702ed800 JavaThread "MySQL Statement Cancellation Timer" daemon [_thread_blocked, id=14861, stack(0x00007f925da04000,0x00007f925db05000)]
  0x00007f9270091800 JavaThread "Low Memory Detector" daemon [_thread_blocked, id=14859, stack(0x00007f925ef13000,0x00007f925f014000)]
  0x00007f927008f800 JavaThread "C2 CompilerThread1" daemon [_thread_blocked, id=14858, stack(0x00007f925f014000,0x00007f925f115000)]
  0x00007f927008c800 JavaThread "C2 CompilerThread0" daemon [_thread_blocked, id=14857, stack(0x00007f925f115000,0x00007f925f216000)]
  0x00007f927008a800 JavaThread "Signal Dispatcher" daemon [_thread_blocked, id=14856, stack(0x00007f925f216000,0x00007f925f317000)]
  0x00007f927006e800 JavaThread "Finalizer" daemon [_thread_blocked, id=14855, stack(0x00007f925f9fa000,0x00007f925fafb000)]
  0x00007f927006c800 JavaThread "Reference Handler" daemon [_thread_blocked, id=14854, stack(0x00007f925fafb000,0x00007f925fbfc000)]

Other Threads:
  0x00007f9270065800 VMThread [stack: 0x00007f925fbfc000,0x00007f925fcfd000] [id=14853]
  0x00007f927009c800 WatcherThread [stack: 0x00007f925ee12000,0x00007f925ef13000] [id=14860]

VM state:not at safepoint (normal execution)

VM Mutex/Monitor currently owned by a thread: None

Heap
 PSYoungGen      total 27328K, used 18965K [0x00000000e1760000, 0x00000000e35e0000, 0x0000000100000000)
  eden space 23424K, 74% used [0x00000000e1760000,0x00000000e2861080,0x00000000e2e40000)
  from space 3904K, 39% used [0x00000000e3210000,0x00000000e3394698,0x00000000e35e0000)
  to   space 3904K, 0% used [0x00000000e2e40000,0x00000000e2e40000,0x00000000e3210000)
 PSOldGen        total 62592K, used 0K [0x00000000a4600000, 0x00000000a8320000, 0x00000000e1760000)
  object space 62592K, 0% used [0x00000000a4600000,0x00000000a4600000,0x00000000a8320000)
 PSPermGen       total 28736K, used 28610K [0x000000009f400000, 0x00000000a1010000, 0x00000000a4600000)
  object space 28736K, 99% used [0x000000009f400000,0x00000000a0ff0818,0x00000000a1010000)

Code Cache  [0x00007f926ccdf000, 0x00007f926cf4f000, 0x00007f926fcdf000)
 total_blobs=648 nmethods=87 adapters=515 free_code_cache=49554816 largest_free_block=6400

Dynamic libraries:
40000000-40009000 r-xp 00000000 08:01 16127010                           /usr/lib/jvm/jdk1.6.0_45/jre/bin/java
40108000-4010a000 rwxp 00008000 08:01 16127010                           /usr/lib/jvm/jdk1.6.0_45/jre/bin/java
40d5c000-40d7d000 rwxp 00000000 00:00 0                                  [heap]
9f400000-a1010000 rwxp 00000000 00:00 0 
a1010000-a4600000 rwxp 00000000 00:00 0 
a4600000-a8320000 rwxp 00000000 00:00 0 
a8320000-e1760000 rwxp 00000000 00:00 0 
e1760000-e35e0000 rwxp 00000000 00:00 0 
e35e0000-100000000 rwxp 00000000 00:00 0 
7f9214000000-7f921402b000 rwxp 00000000 00:00 0 
7f921402b000-7f9218000000 ---p 00000000 00:00 0 
7f921c000000-7f921c021000 rwxp 00000000 00:00 0 
7f921c021000-7f9220000000 ---p 00000000 00:00 0 
7f9221fc6000-7f922204f000 rwxs 00000000 00:04 145588296                  /SYSV00000000 (deleted)
7f922204f000-7f9222052000 ---p 00000000 00:00 0 
7f9222052000-7f9222150000 rwxp 00000000 00:00 0 
7f9222150000-7f9222157000 r-xp 00000000 08:01 26221992                   /lib/uareu/libdplinuxuvc.so.3
7f9222157000-7f9222357000 ---p 00007000 08:01 26221992                   /lib/uareu/libdplinuxuvc.so.3
7f9222357000-7f9222358000 rwxp 00007000 08:01 26221992                   /lib/uareu/libdplinuxuvc.so.3
7f9222358000-7f922237f000 r-xp 00000000 08:01 26221982                   /lib/uareu/libdpfpdd5000.so
7f922237f000-7f922257e000 ---p 00027000 08:01 26221982                   /lib/uareu/libdpfpdd5000.so
7f922257e000-7f922257f000 rwxp 00026000 08:01 26221982                   /lib/uareu/libdpfpdd5000.so
7f922257f000-7f9222580000 ---p 00000000 00:00 0 
7f9222580000-7f9222d80000 rwxp 00000000 00:00 0                          [stack:14866]
7f9222d80000-7f9222d89000 r-xp 00000000 08:01 26221940                   /lib/uareu/libdpDevMgr.so
7f9222d89000-7f9222f89000 ---p 00009000 08:01 26221940                   /lib/uareu/libdpDevMgr.so
7f9222f89000-7f9222f8a000 r-xp 00009000 08:01 26221940                   /lib/uareu/libdpDevMgr.so
7f9222f8a000-7f9222f8b000 rwxp 0000a000 08:01 26221940                   /lib/uareu/libdpDevMgr.so
7f9222f8b000-7f9222f99000 r-xp 00000000 08:01 26221988                   /lib/uareu/libdpI00701.so
7f9222f99000-7f9223198000 ---p 0000e000 08:01 26221988                   /lib/uareu/libdpI00701.so
7f9223198000-7f9223199000 r-xp 0000d000 08:01 26221988                   /lib/uareu/libdpI00701.so
7f9223199000-7f922319a000 rwxp 0000e000 08:01 26221988                   /lib/uareu/libdpI00701.so
7f922319a000-7f92231a1000 r-xp 00000000 08:01 26221970                   /lib/uareu/libdpDrvDatApi.so
7f92231a1000-7f92233a1000 ---p 00007000 08:01 26221970                   /lib/uareu/libdpDrvDatApi.so
7f92233a1000-7f92233a2000 r-xp 00007000 08:01 26221970                   /lib/uareu/libdpDrvDatApi.so
7f92233a2000-7f92233a3000 rwxp 00008000 08:01 26221970                   /lib/uareu/libdpDrvDatApi.so
7f92233a3000-7f92233b8000 r-xp 00000000 08:01 26221974                   /lib/uareu/libdpFC.so.2
7f92233b8000-7f92235b7000 ---p 00015000 08:01 26221974                   /lib/uareu/libdpFC.so.2
7f92235b7000-7f92235b8000 r-xp 00014000 08:01 26221974                   /lib/uareu/libdpFC.so.2
7f92235b8000-7f92235b9000 rwxp 00015000 08:01 26221974                   /lib/uareu/libdpFC.so.2
7f92235b9000-7f92235be000 r-xp 00000000 08:01 26222001                   /lib/uareu/libdpUsbAda.so.2
7f92235be000-7f92237be000 ---p 00005000 08:01 26222001                   /lib/uareu/libdpUsbAda.so.2
7f92237be000-7f92237bf000 r-xp 00005000 08:01 26222001                   /lib/uareu/libdpUsbAda.so.2
7f92237bf000-7f92237c0000 rwxp 00006000 08:01 26222001                   /lib/uareu/libdpUsbAda.so.2
7f92237c0000-7f92237ce000 r-xp 00000000 08:01 26221989                   /lib/uareu/libdpI00701.so.2
7f92237ce000-7f92239cd000 ---p 0000e000 08:01 26221989                   /lib/uareu/libdpI00701.so.2
7f92239cd000-7f92239ce000 r-xp 0000d000 08:01 26221989                   /lib/uareu/libdpI00701.so.2
7f92239ce000-7f92239cf000 rwxp 0000e000 08:01 26221989                   /lib/uareu/libdpI00701.so.2
7f92239cf000-7f92239ee000 r-xp 00000000 08:01 26221927                   /lib/uareu/libdpD00701.so.2
7f92239ee000-7f9223bee000 ---p 0001f000 08:01 26221927                   /lib/uareu/libdpD00701.so.2
7f9223bee000-7f9223bef000 r-xp 0001f000 08:01 26221927                   /lib/uareu/libdpD00701.so.2
7f9223bef000-7f9223bf0000 rwxp 00020000 08:01 26221927                   /lib/uareu/libdpD00701.so.2
7f9223bf0000-7f9223bf9000 r-xp 00000000 08:01 26221965                   /lib/uareu/libdpDevMgr.so.2
7f9223bf9000-7f9223df9000 ---p 00009000 08:01 26221965                   /lib/uareu/libdpDevMgr.so.2
7f9223df9000-7f9223dfa000 r-xp 00009000 08:01 26221965                   /lib/uareu/libdpDevMgr.so.2
7f9223dfa000-7f9223dfb000 rwxp 0000a000 08:01 26221965                   /lib/uareu/libdpDevMgr.so.2
7f9223dfb000-7f9223dff000 r-xp 00000000 08:01 26221995                   /lib/uareu/libdpObjMgr.so.2
7f9223dff000-7f9223ffe000 ---p 00004000 08:01 26221995                   /lib/uareu/libdpObjMgr.so.2
7f9223ffe000-7f9223fff000 r-xp 00003000 08:01 26221995                   /lib/uareu/libdpObjMgr.so.2
7f9223fff000-7f9224000000 rwxp 00004000 08:01 26221995                   /lib/uareu/libdpObjMgr.so.2
7f9224000000-7f9224021000 rwxp 00000000 00:00 0 
7f9224021000-7f9228000000 ---p 00000000 00:00 0 
7f9228000000-7f92283c1000 rwxp 00000000 00:00 0 
7f92283c1000-7f922c000000 ---p 00000000 00:00 0 
7f922c000000-7f922c021000 rwxp 00000000 00:00 0 
7f922c021000-7f9230000000 ---p 00000000 00:00 0 
7f9230000000-7f9230021000 rwxp 00000000 00:00 0 
7f9230021000-7f9234000000 ---p 00000000 00:00 0 
7f9234000000-7f9234021000 rwxp 00000000 00:00 0 
7f9234021000-7f9238000000 ---p 00000000 00:00 0 
7f9238000000-7f9238021000 rwxp 00000000 00:00 0 
7f9238021000-7f923c000000 ---p 00000000 00:00 0 
7f923c000000-7f923c2ec000 rwxp 00000000 00:00 0 
7f923c2ec000-7f9240000000 ---p 00000000 00:00 0 
7f9240000000-7f9240021000 rwxp 00000000 00:00 0 
7f9240021000-7f9244000000 ---p 00000000 00:00 0 
7f9244000000-7f9244021000 rwxp 00000000 00:00 0 
7f9244021000-7f9248000000 ---p 00000000 00:00 0 
7f9248000000-7f9248324000 rwxp 00000000 00:00 0 
7f9248324000-7f924c000000 ---p 00000000 00:00 0 
7f924c000000-7f924c021000 rwxp 00000000 00:00 0 
7f924c021000-7f9250000000 ---p 00000000 00:00 0 
7f9250000000-7f9250021000 rwxp 00000000 00:00 0 
7f9250021000-7f9254000000 ---p 00000000 00:00 0 
7f9254000000-7f9254021000 rwxp 00000000 00:00 0 
7f9254021000-7f9258000000 ---p 00000000 00:00 0 
7f9258000000-7f9258021000 rwxp 00000000 00:00 0 
7f9258021000-7f925c000000 ---p 00000000 00:00 0 
7f925c063000-7f925c0ae000 rwxs 00096000 00:05 9513                       /dev/video1
7f925c0ae000-7f925c0f9000 rwxs 0004b000 00:05 9513                       /dev/video1
7f925c0f9000-7f925c0fc000 ---p 00000000 00:00 0 
7f925c0fc000-7f925c1fa000 rwxp 00000000 00:00 0                          [stack:14867]
7f925c1fa000-7f925c202000 r-xp 00000000 08:01 26221967                   /lib/uareu/libdpDrvApi.so
7f925c202000-7f925c401000 ---p 00008000 08:01 26221967                   /lib/uareu/libdpDrvApi.so
7f925c401000-7f925c402000 r-xp 00007000 08:01 26221967                   /lib/uareu/libdpDrvApi.so
7f925c402000-7f925c403000 rwxp 00008000 08:01 26221967                   /lib/uareu/libdpDrvApi.so
7f925c403000-7f925c40e000 r-xp 00000000 08:01 26221979                   /lib/uareu/libdpfpdd_4k.so
7f925c40e000-7f925c50d000 ---p 0000b000 08:01 26221979                   /lib/uareu/libdpfpdd_4k.so
7f925c50d000-7f925c50e000 rwxp 0000a000 08:01 26221979                   /lib/uareu/libdpfpdd_4k.so
7f925c50e000-7f925c517000 r-xp 00000000 08:01 26221985                   /lib/uareu/libdpfpdd.so
7f925c517000-7f925c616000 ---p 00009000 08:01 26221985                   /lib/uareu/libdpfpdd.so
7f925c616000-7f925c617000 rwxp 00008000 08:01 26221985                   /lib/uareu/libdpfpdd.so
7f925c617000-7f925c62c000 r-xp 00000000 08:01 13635122                   /lib/x86_64-linux-gnu/libgcc_s.so.1
7f925c62c000-7f925c82b000 ---p 00015000 08:01 13635122                   /lib/x86_64-linux-gnu/libgcc_s.so.1
7f925c82b000-7f925c82c000 r-xp 00014000 08:01 13635122                   /lib/x86_64-linux-gnu/libgcc_s.so.1
7f925c82c000-7f925c82d000 rwxp 00015000 08:01 13635122                   /lib/x86_64-linux-gnu/libgcc_s.so.1
7f925c82d000-7f925c8bd000 r-xp 00000000 08:01 26221977                   /lib/uareu/libdpfj.so.2
7f925c8bd000-7f925c9bd000 ---p 00090000 08:01 26221977                   /lib/uareu/libdpfj.so.2
7f925c9bd000-7f925c9c0000 rwxp 00090000 08:01 26221977                   /lib/uareu/libdpfj.so.2
7f925c9c0000-7f925c9c1000 rwxp 00000000 00:00 0 
7f925c9c1000-7f925c9ce000 r-xp 00000000 08:01 5767644                    /opt/DigitalPersona/UareUSDK/Linux/lib/x64/libdpuareu_jni.so.2.1.1
7f925c9ce000-7f925cacd000 ---p 0000d000 08:01 5767644                    /opt/DigitalPersona/UareUSDK/Linux/lib/x64/libdpuareu_jni.so.2.1.1
7f925cacd000-7f925cace000 rwxp 0000c000 08:01 5767644                    /opt/DigitalPersona/UareUSDK/Linux/lib/x64/libdpuareu_jni.so.2.1.1
7f925cace000-7f925cad5000 r-xp 00000000 08:01 16127613                   /usr/lib/jvm/jdk1.6.0_45/jre/lib/amd64/libnio.so
7f925cad5000-7f925cbd4000 ---p 00007000 08:01 16127613                   /usr/lib/jvm/jdk1.6.0_45/jre/lib/amd64/libnio.so
7f925cbd4000-7f925cbd6000 rwxp 00006000 08:01 16127613                   /usr/lib/jvm/jdk1.6.0_45/jre/lib/amd64/libnio.so
7f925cbd6000-7f925cbd9000 ---p 00000000 00:00 0 
7f925cbd9000-7f925ccd7000 rwxp 00000000 00:00 0                          [stack:14865]
7f925ccd7000-7f925ccd8000 r-xs 00000000 08:01 16256634                   /var/cache/fontconfig/c05880de57d1f5e948fdfacc138775d9-le64.cache-3
7f925ccd8000-7f925cce1000 r-xs 00000000 08:01 16256629                   /var/cache/fontconfig/945677eb7aeaf62f1d50efc3fb3ec7d8-le64.cache-3
7f925cce1000-7f925cce3000 r-xs 00000000 08:01 16256630                   /var/cache/fontconfig/99e8ed0e538f840c565b6ed5dad60d56-le64.cache-3
7f925cce3000-7f925cce7000 r-xs 00000000 08:01 16256616                   /var/cache/fontconfig/2cd17615ca594fa2959ae173292e504c-le64.cache-3
7f925cce7000-7f925cce8000 r-xs 00000000 08:01 16256641                   /var/cache/fontconfig/e7071f4a29fa870f4323321c154eba04-le64.cache-3
7f925cce8000-7f925cce9000 r-xs 00000000 08:01 16256614                   /var/cache/fontconfig/0d8c3b2ac0904cb8a57a757ad11a4a08-le64.cache-3
7f925cce9000-7f925ccef000 r-xs 00000000 08:01 16256631                   /var/cache/fontconfig/a755afe4a08bf5b97852ceb7400b47bc-le64.cache-3
7f925ccef000-7f925ccf8000 r-xs 00000000 08:01 16254510                   /var/cache/fontconfig/6d41288fd70b0be22e8c3a91e032eec0-le64.cache-3
7f925ccf8000-7f925cd08000 r-xs 00000000 08:01 16256613                   /var/cache/fontconfig/04aabc0a78ac019cf9454389977116d2-le64.cache-3
7f925cd08000-7f925cd0b000 r-xs 00000000 08:01 16256619                   /var/cache/fontconfig/385c0604a188198f04d133e54aba7fe7-le64.cache-3
7f925cd0b000-7f925cd0c000 r-xs 00000000 08:01 16254977                   /var/cache/fontconfig/4794a0821666d79190d59a36cb4f44b5-le64.cache-3
7f925cd0c000-7f925cd0f000 r-xs 00000000 08:01 16256628                   /var/cache/fontconfig/8801497958630a81b71ace7c5f9b32a8-le64.cache-3
7f925cd0f000-7f925cd14000 r-xs 00000000 08:01 16256617                   /var/cache/fontconfig/3047814df9a2f067bd2d96a2b9c36e5a-le64.cache-3
7f925cd14000-7f925cd15000 r-xs 00000000 08:01 16256622                   /var/cache/fontconfig/56cf4f4769d0f4abc89a4895d7bd3ae1-le64.cache-3
7f925cd15000-7f925cd16000 r-xs 00000000 08:01 16256633                   /var/cache/fontconfig/b9d506c9ac06c20b433354fa67a72993-le64.cache-3
7f925cd16000-7f925cd1b000 r-xs 00000000 08:01 16256632                   /var/cache/fontconfig/b47c4e1ecd0709278f4910c18777a504-le64.cache-3
7f925cd30000-7f925cd7b000 rwxs 00000000 00:05 9513                       /dev/video1
7f925cd7b000-7f925cdf6000 rwxs 00000000 00:04 145522759                  /SYSV00000000 (deleted)
7f925cdf6000-7f925cdf9000 ---p 00000000 00:00 0 
7f925cdf9000-7f925cef7000 rwxp 00000000 00:00 0                          [stack:14864]
7f925cef7000-7f925cefa000 ---p 00000000 00:00 0 
7f925cefa000-7f925cff8000 rwxp 00000000 00:00 0                          [stack:14863]
7f925cff8000-7f925cffd000 r-xp 00000000 08:01 15468471                   /usr/lib/x86_64-linux-gnu/libXfixes.so.3.1.0
7f925cffd000-7f925d1fc000 ---p 00005000 08:01 15468471                   /usr/lib/x86_64-linux-gnu/libXfixes.so.3.1.0
7f925d1fc000-7f925d1fd000 r-xp 00004000 08:01 15468471                   /usr/lib/x86_64-linux-gnu/libXfixes.so.3.1.0
7f925d1fd000-7f925d1fe000 rwxp 00005000 08:01 15468471                   /usr/lib/x86_64-linux-gnu/libXfixes.so.3.1.0
7f925d1fe000-7f925d207000 r-xp 00000000 08:01 15468527                   /usr/lib/x86_64-linux-gnu/libXrender.so.1.3.0
7f925d207000-7f925d406000 ---p 00009000 08:01 15468527                   /usr/lib/x86_64-linux-gnu/libXrender.so.1.3.0
7f925d406000-7f925d407000 r-xp 00008000 08:01 15468527                   /usr/lib/x86_64-linux-gnu/libXrender.so.1.3.0
7f925d407000-7f925d408000 rwxp 00009000 08:01 15468527                   /usr/lib/x86_64-linux-gnu/libXrender.so.1.3.0
7f925d408000-7f925d411000 r-xp 00000000 08:01 15468578                   /usr/lib/x86_64-linux-gnu/libXcursor.so.1.0.2
7f925d411000-7f925d610000 ---p 00009000 08:01 15468578                   /usr/lib/x86_64-linux-gnu/libXcursor.so.1.0.2
7f925d610000-7f925d611000 r-xp 00008000 08:01 15468578                   /usr/lib/x86_64-linux-gnu/libXcursor.so.1.0.2
7f925d611000-7f925d612000 rwxp 00009000 08:01 15468578                   /usr/lib/x86_64-linux-gnu/libXcursor.so.1.0.2
7f925d62e000-7f925d631000 ---p 00000000 00:00 0 
7f925d631000-7f925d72f000 rwxp 00000000 00:00 0                          [stack:14862]
7f925d72f000-7f925d7c3000 r-xp 00000000 08:01 16127621                   /usr/lib/jvm/jdk1.6.0_45/jre/lib/amd64/libfontmanager.so
7f925d7c3000-7f925d8c3000 ---p 00094000 08:01 16127621                   /usr/lib/jvm/jdk1.6.0_45/jre/lib/amd64/libfontmanager.so
7f925d8c3000-7f925d8dc000 rwxp 00094000 08:01 16127621                   /usr/lib/jvm/jdk1.6.0_45/jre/lib/amd64/libfontmanager.so
7f925d8dc000-7f925d8ed000 rwxp 00000000 00:00 0 
7f925d8ed000-7f925d900000 r-xp 00000000 08:01 16127612                   /usr/lib/jvm/jdk1.6.0_45/jre/lib/amd64/libnet.so
7f925d900000-7f925da01000 ---p 00013000 08:01 16127612                   /usr/lib/jvm/jdk1.6.0_45/jre/lib/amd64/libnet.so
7f925da01000-7f925da04000 rwxp 00014000 08:01 16127612                   /usr/lib/jvm/jdk1.6.0_45/jre/lib/amd64/libnet.so
7f925da04000-7f925da07000 ---p 00000000 00:00 0 
7f925da07000-7f925db05000 rwxp 00000000 00:00 0                          [stack:14861]
7f925db05000-7f925db0a000 r-xp 00000000 08:01 15473608                   /usr/lib/x86_64-linux-gnu/libXdmcp.so.6.0.0
7f925db0a000-7f925dd09000 ---p 00005000 08:01 15473608                   /usr/lib/x86_64-linux-gnu/libXdmcp.so.6.0.0
7f925dd09000-7f925dd0a000 r-xp 00004000 08:01 15473608                   /usr/lib/x86_64-linux-gnu/libXdmcp.so.6.0.0
7f925dd0a000-7f925dd0b000 rwxp 00005000 08:01 15473608                   /usr/lib/x86_64-linux-gnu/libXdmcp.so.6.0.0
7f925dd0b000-7f925dd0d000 r-xp 00000000 08:01 15473597                   /usr/lib/x86_64-linux-gnu/libXau.so.6.0.0
7f925dd0d000-7f925df0c000 ---p 00002000 08:01 15473597                   /usr/lib/x86_64-linux-gnu/libXau.so.6.0.0
7f925df0c000-7f925df0d000 r-xp 00001000 08:01 15473597                   /usr/lib/x86_64-linux-gnu/libXau.so.6.0.0
7f925df0d000-7f925df0e000 rwxp 00002000 08:01 15473597                   /usr/lib/x86_64-linux-gnu/libXau.so.6.0.0
7f925df0e000-7f925df2b000 r-xp 00000000 08:01 15468398                   /usr/lib/x86_64-linux-gnu/libxcb.so.1.1.0
7f925df2b000-7f925e12a000 ---p 0001d000 08:01 15468398                   /usr/lib/x86_64-linux-gnu/libxcb.so.1.1.0
7f925e12a000-7f925e12b000 r-xp 0001c000 08:01 15468398                   /usr/lib/x86_64-linux-gnu/libxcb.so.1.1.0
7f925e12b000-7f925e12c000 rwxp 0001d000 08:01 15468398                   /usr/lib/x86_64-linux-gnu/libxcb.so.1.1.0
7f925e12c000-7f925e13a000 r-xp 00000000 08:01 15468534                   /usr/lib/x86_64-linux-gnu/libXi.so.6.1.0
7f925e13a000-7f925e339000 ---p 0000e000 08:01 15468534                   /usr/lib/x86_64-linux-gnu/libXi.so.6.1.0
7f925e339000-7f925e33a000 r-xp 0000d000 08:01 15468534                   /usr/lib/x86_64-linux-gnu/libXi.so.6.1.0
7f925e33a000-7f925e33b000 rwxp 0000e000 08:01 15468534                   /usr/lib/x86_64-linux-gnu/libXi.so.6.1.0
7f925e33b000-7f925e340000 r-xp 00000000 08:01 15468594                   /usr/lib/x86_64-linux-gnu/libXtst.so.6.1.0
7f925e340000-7f925e53f000 ---p 00005000 08:01 15468594                   /usr/lib/x86_64-linux-gnu/libXtst.so.6.1.0
7f925e53f000-7f925e540000 r-xp 00004000 08:01 15468594                   /usr/lib/x86_64-linux-gnu/libXtst.so.6.1.0
7f925e540000-7f925e541000 rwxp 00005000 08:01 15468594                   /usr/lib/x86_64-linux-gnu/libXtst.so.6.1.0
7f925e541000-7f925e671000 r-xp 00000000 08:01 15467933                   /usr/lib/x86_64-linux-gnu/libX11.so.6.3.0
7f925e671000-7f925e871000 ---p 00130000 08:01 15467933                   /usr/lib/x86_64-linux-gnu/libX11.so.6.3.0
7f925e871000-7f925e872000 r-xp 00130000 08:01 15467933                   /usr/lib/x86_64-linux-gnu/libX11.so.6.3.0
7f925e872000-7f925e876000 rwxp 00131000 08:01 15467933                   /usr/lib/x86_64-linux-gnu/libX11.so.6.3.0
7f925e876000-7f925e886000 r-xp 00000000 08:01 15468403                   /usr/lib/x86_64-linux-gnu/libXext.so.6.4.0
7f925e886000-7f925ea85000 ---p 00010000 08:01 15468403                   /usr/lib/x86_64-linux-gnu/libXext.so.6.4.0
7f925ea85000-7f925ea86000 r-xp 0000f000 08:01 15468403                   /usr/lib/x86_64-linux-gnu/libXext.so.6.4.0
7f925ea86000-7f925ea87000 rwxp 00010000 08:01 15468403                   /usr/lib/x86_64-linux-gnu/libXext.so.6.4.0
7f925ea87000-7f925ea8a000 r-xs 00000000 08:01 16254513                   /var/cache/fontconfig/e49e89034d371f0f9de17aab02136486-le64.cache-3
7f925ea8a000-7f925ea8c000 r-xs 00000000 08:01 16254512                   /var/cache/fontconfig/4b14b093aebc79c320de5e86ae1d3314-le64.cache-3
7f925ea8c000-7f925ea9c000 r-xs 00000000 08:01 16256637                   /var/cache/fontconfig/d52a8644073d54c13679302ca1180695-le64.cache-3
7f925ea9c000-7f925ea9f000 r-xs 00000000 08:01 16253552                   /var/cache/fontconfig/e13b20fdb08344e0e664864cc2ede53d-le64.cache-3
7f925ea9f000-7f925eaa3000 r-xs 00000000 08:01 16254511                   /var/cache/fontconfig/7ef2298fde41cc6eeb7af42e48b7d293-le64.cache-3
7f925eaa3000-7f925eae5000 r-xp 00000000 08:01 16127610                   /usr/lib/jvm/jdk1.6.0_45/jre/lib/amd64/xawt/libmawt.so
7f925eae5000-7f925ebe4000 ---p 00042000 08:01 16127610                   /usr/lib/jvm/jdk1.6.0_45/jre/lib/amd64/xawt/libmawt.so
7f925ebe4000-7f925ebf0000 rwxp 00041000 08:01 16127610                   /usr/lib/jvm/jdk1.6.0_45/jre/lib/amd64/xawt/libmawt.so
7f925ebf0000-7f925ebf1000 rwxp 00000000 00:00 0 
7f925ebf1000-7f925ec84000 r-xp 00000000 08:01 16127657                   /usr/lib/jvm/jdk1.6.0_45/jre/lib/amd64/libawt.so
7f925ec84000-7f925ed83000 ---p 00093000 08:01 16127657                   /usr/lib/jvm/jdk1.6.0_45/jre/lib/amd64/libawt.so
7f925ed83000-7f925ed9c000 rwxp 00092000 08:01 16127657                   /usr/lib/jvm/jdk1.6.0_45/jre/lib/amd64/libawt.so
7f925ed9c000-7f925edc1000 rwxp 00000000 00:00 0 
7f925edc1000-7f925ee12000 r-xs 0041d000 08:01 3808612                    /opt/hibernate-release-4.2.7.Final/lib/required/hibernate-core-4.2.7.Final.jar
7f925ee12000-7f925ee13000 ---p 00000000 00:00 0 
7f925ee13000-7f925ef13000 rwxp 00000000 00:00 0                          [stack:14860]
7f925ef13000-7f925ef16000 ---p 00000000 00:00 0 
7f925ef16000-7f925f014000 rwxp 00000000 00:00 0                          [stack:14859]
7f925f014000-7f925f017000 ---p 00000000 00:00 0 
7f925f017000-7f925f115000 rwxp 00000000 00:00 0                          [stack:14858]
7f925f115000-7f925f118000 ---p 00000000 00:00 0 
7f925f118000-7f925f216000 rwxp 00000000 00:00 0                          [stack:14857]
7f925f216000-7f925f219000 ---p 00000000 00:00 0 
7f925f219000-7f925f317000 rwxp 00000000 00:00 0                          [stack:14856]
7f925f317000-7f925f9fa000 r-xp 00000000 08:01 15472939                   /usr/lib/locale/locale-archive
7f925f9fa000-7f925f9fd000 ---p 00000000 00:00 0 
7f925f9fd000-7f925fafb000 rwxp 00000000 00:00 0                          [stack:14855]
7f925fafb000-7f925fafe000 ---p 00000000 00:00 0 
7f925fafe000-7f925fbfc000 rwxp 00000000 00:00 0                          [stack:14854]
7f925fbfc000-7f925fbfd000 ---p 00000000 00:00 0 
7f925fbfd000-7f9260000000 rwxp 00000000 00:00 0                          [stack:14853]
7f9260000000-7f9260021000 rwxp 00000000 00:00 0 
7f9260021000-7f9264000000 ---p 00000000 00:00 0 
7f9264000000-7f9264021000 rwxp 00000000 00:00 0 
7f9264021000-7f9268000000 ---p 00000000 00:00 0 
7f9268000000-7f9268021000 rwxp 00000000 00:00 0 
7f9268021000-7f926c000000 ---p 00000000 00:00 0 
7f926c004000-7f926c00c000 r-xs 00115000 08:01 16127727                   /usr/lib/jvm/jdk1.6.0_45/jre/lib/resources.jar
7f926c00c000-7f926c012000 r-xs 000a7000 08:01 5511264                    /home/djadoremus/.m2/repository/com/mysql/jdbc/com.springsource.com.mysql.jdbc/5.1.6/com.springsource.com.mysql.jdbc-5.1.6.jar
7f926c012000-7f926c01c000 r-xs 0006d000 08:01 3808614                    /opt/hibernate-release-4.2.7.Final/lib/jpa/hibernate-entitymanager-4.2.7.Final.jar
7f926c01c000-7f926c252000 rwxp 00000000 00:00 0 
7f926c252000-7f926c3eb000 r-xs 03087000 08:01 16128412                   /usr/lib/jvm/jdk1.6.0_45/jre/lib/rt.jar
7f926c3eb000-7f926c3ec000 ---p 00000000 00:00 0 
7f926c3ec000-7f926c4ec000 rwxp 00000000 00:00 0                          [stack:14852]
7f926c4ec000-7f926c4ed000 ---p 00000000 00:00 0 
7f926c4ed000-7f926c5ed000 rwxp 00000000 00:00 0                          [stack:14851]
7f926c5ed000-7f926c5ee000 ---p 00000000 00:00 0 
7f926c5ee000-7f926c6ee000 rwxp 00000000 00:00 0                          [stack:14850]
7f926c6ee000-7f926c6ef000 ---p 00000000 00:00 0 
7f926c6ef000-7f926c80e000 rwxp 00000000 00:00 0                          [stack:14849]
7f926c80e000-7f926c9d8000 rwxp 00000000 00:00 0 
7f926c9d8000-7f926c9e7000 rwxp 00000000 00:00 0 
7f926c9e7000-7f926ca01000 rwxp 00000000 00:00 0 
7f926ca01000-7f926ca20000 rwxp 00000000 00:00 0 
7f926ca20000-7f926cbe9000 rwxp 00000000 00:00 0 
7f926cbe9000-7f926cbf9000 rwxp 00000000 00:00 0 
7f926cbf9000-7f926ccde000 rwxp 00000000 00:00 0 
7f926ccde000-7f926cf4f000 rwxp 00000000 00:00 0 
7f926cf4f000-7f926fcdf000 rwxp 00000000 00:00 0 
7f926fcdf000-7f926fced000 r-xp 00000000 08:01 16127623                   /usr/lib/jvm/jdk1.6.0_45/jre/lib/amd64/libzip.so
7f926fced000-7f926fdef000 ---p 0000e000 08:01 16127623                   /usr/lib/jvm/jdk1.6.0_45/jre/lib/amd64/libzip.so
7f926fdef000-7f926fdf2000 rwxp 00010000 08:01 16127623                   /usr/lib/jvm/jdk1.6.0_45/jre/lib/amd64/libzip.so
7f926fdf2000-7f926fdf3000 rwxp 00000000 00:00 0 
7f926fdf3000-7f926fdff000 r-xp 00000000 08:01 13638362                   /lib/x86_64-linux-gnu/libnss_files-2.15.so
7f926fdff000-7f926fffe000 ---p 0000c000 08:01 13638362                   /lib/x86_64-linux-gnu/libnss_files-2.15.so
7f926fffe000-7f926ffff000 r-xp 0000b000 08:01 13638362                   /lib/x86_64-linux-gnu/libnss_files-2.15.so
7f926ffff000-7f9270000000 rwxp 0000c000 08:01 13638362                   /lib/x86_64-linux-gnu/libnss_files-2.15.so
7f9270000000-7f9270447000 rwxp 00000000 00:00 0 
7f9270447000-7f9274000000 ---p 00000000 00:00 0 
7f9274000000-7f9274002000 r-xs 00005000 08:01 3808607                    /opt/hibernate-release-4.2.7.Final/lib/required/jboss-transaction-api_1.1_spec-1.0.1.Final.jar
7f9274002000-7f9274039000 rwxp 00000000 00:00 0 
7f9274039000-7f9274053000 rwxp 00000000 00:00 0 
7f9274053000-7f927405d000 r-xp 00000000 08:01 13638366                   /lib/x86_64-linux-gnu/libnss_nis-2.15.so
7f927405d000-7f927425d000 ---p 0000a000 08:01 13638366                   /lib/x86_64-linux-gnu/libnss_nis-2.15.so
7f927425d000-7f927425e000 r-xp 0000a000 08:01 13638366                   /lib/x86_64-linux-gnu/libnss_nis-2.15.so
7f927425e000-7f927425f000 rwxp 0000b000 08:01 13638366                   /lib/x86_64-linux-gnu/libnss_nis-2.15.so
7f927425f000-7f9274267000 r-xp 00000000 08:01 13638360                   /lib/x86_64-linux-gnu/libnss_compat-2.15.so
7f9274267000-7f9274466000 ---p 00008000 08:01 13638360                   /lib/x86_64-linux-gnu/libnss_compat-2.15.so
7f9274466000-7f9274467000 r-xp 00007000 08:01 13638360                   /lib/x86_64-linux-gnu/libnss_compat-2.15.so
7f9274467000-7f9274468000 rwxp 00008000 08:01 13638360                   /lib/x86_64-linux-gnu/libnss_compat-2.15.so
7f9274468000-7f927447f000 r-xp 00000000 08:01 13638378                   /lib/x86_64-linux-gnu/libnsl-2.15.so
7f927447f000-7f927467e000 ---p 00017000 08:01 13638378                   /lib/x86_64-linux-gnu/libnsl-2.15.so
7f927467e000-7f927467f000 r-xp 00016000 08:01 13638378                   /lib/x86_64-linux-gnu/libnsl-2.15.so
7f927467f000-7f9274680000 rwxp 00017000 08:01 13638378                   /lib/x86_64-linux-gnu/libnsl-2.15.so
7f9274680000-7f9274682000 rwxp 00000000 00:00 0 
7f9274682000-7f92746ab000 r-xp 00000000 08:01 16127636                   /usr/lib/jvm/jdk1.6.0_45/jre/lib/amd64/libjava.so
7f92746ab000-7f92747aa000 ---p 00029000 08:01 16127636                   /usr/lib/jvm/jdk1.6.0_45/jre/lib/amd64/libjava.so
7f92747aa000-7f92747b1000 rwxp 00028000 08:01 16127636                   /usr/lib/jvm/jdk1.6.0_45/jre/lib/amd64/libjava.so
7f92747b1000-7f92747be000 r-xp 00000000 08:01 16127618                   /usr/lib/jvm/jdk1.6.0_45/jre/lib/amd64/libverify.so
7f92747be000-7f92748bd000 ---p 0000d000 08:01 16127618                   /usr/lib/jvm/jdk1.6.0_45/jre/lib/amd64/libverify.so
7f92748bd000-7f92748c0000 rwxp 0000c000 08:01 16127618                   /usr/lib/jvm/jdk1.6.0_45/jre/lib/amd64/libverify.so
7f92748c0000-7f92748c7000 r-xp 00000000 08:01 13638365                   /lib/x86_64-linux-gnu/librt-2.15.so
7f92748c7000-7f9274ac6000 ---p 00007000 08:01 13638365                   /lib/x86_64-linux-gnu/librt-2.15.so
7f9274ac6000-7f9274ac7000 r-xp 00006000 08:01 13638365                   /lib/x86_64-linux-gnu/librt-2.15.so
7f9274ac7000-7f9274ac8000 rwxp 00007000 08:01 13638365                   /lib/x86_64-linux-gnu/librt-2.15.so
7f9274ac8000-7f9274acb000 ---p 00000000 00:00 0 
7f9274acb000-7f9274bc9000 rwxp 00000000 00:00 0                          [stack:14848]
7f9274bc9000-7f9274cc4000 r-xp 00000000 08:01 13638369                   /lib/x86_64-linux-gnu/libm-2.15.so
7f9274cc4000-7f9274ec3000 ---p 000fb000 08:01 13638369                   /lib/x86_64-linux-gnu/libm-2.15.so
7f9274ec3000-7f9274ec4000 r-xp 000fa000 08:01 13638369                   /lib/x86_64-linux-gnu/libm-2.15.so
7f9274ec4000-7f9274ec5000 rwxp 000fb000 08:01 13638369                   /lib/x86_64-linux-gnu/libm-2.15.so
7f9274ec5000-7f92757e3000 r-xp 00000000 08:01 16127643                   /usr/lib/jvm/jdk1.6.0_45/jre/lib/amd64/server/libjvm.so
7f92757e3000-7f92758e5000 ---p 0091e000 08:01 16127643                   /usr/lib/jvm/jdk1.6.0_45/jre/lib/amd64/server/libjvm.so
7f92758e5000-7f9275a9b000 rwxp 00920000 08:01 16127643                   /usr/lib/jvm/jdk1.6.0_45/jre/lib/amd64/server/libjvm.so
7f9275a9b000-7f9275ad5000 rwxp 00000000 00:00 0 
7f9275ad5000-7f9275c8a000 r-xp 00000000 08:01 13638358                   /lib/x86_64-linux-gnu/libc-2.15.so
7f9275c8a000-7f9275e8a000 ---p 001b5000 08:01 13638358                   /lib/x86_64-linux-gnu/libc-2.15.so
7f9275e8a000-7f9275e8e000 r-xp 001b5000 08:01 13638358                   /lib/x86_64-linux-gnu/libc-2.15.so
7f9275e8e000-7f9275e90000 rwxp 001b9000 08:01 13638358                   /lib/x86_64-linux-gnu/libc-2.15.so
7f9275e90000-7f9275e95000 rwxp 00000000 00:00 0 
7f9275e95000-7f9275e97000 r-xp 00000000 08:01 13638373                   /lib/x86_64-linux-gnu/libdl-2.15.so
7f9275e97000-7f9276097000 ---p 00002000 08:01 13638373                   /lib/x86_64-linux-gnu/libdl-2.15.so
7f9276097000-7f9276098000 r-xp 00002000 08:01 13638373                   /lib/x86_64-linux-gnu/libdl-2.15.so
7f9276098000-7f9276099000 rwxp 00003000 08:01 13638373                   /lib/x86_64-linux-gnu/libdl-2.15.so
7f9276099000-7f92760b1000 r-xp 00000000 08:01 13638367                   /lib/x86_64-linux-gnu/libpthread-2.15.so
7f92760b1000-7f92762b0000 ---p 00018000 08:01 13638367                   /lib/x86_64-linux-gnu/libpthread-2.15.so
7f92762b0000-7f92762b1000 r-xp 00017000 08:01 13638367                   /lib/x86_64-linux-gnu/libpthread-2.15.so
7f92762b1000-7f92762b2000 rwxp 00018000 08:01 13638367                   /lib/x86_64-linux-gnu/libpthread-2.15.so
7f92762b2000-7f92762b6000 rwxp 00000000 00:00 0 
7f92762b6000-7f92762d8000 r-xp 00000000 08:01 13638370                   /lib/x86_64-linux-gnu/ld-2.15.so
7f92762d8000-7f92762da000 r-xs 0000d000 08:01 3808606                    /opt/hibernate-release-4.2.7.Final/lib/required/jboss-logging-3.1.0.GA.jar
7f92762da000-7f92762e4000 r-xs 000a5000 08:01 3808611                    /opt/hibernate-release-4.2.7.Final/lib/required/javassist-3.18.1-GA.jar
7f92762e4000-7f92762e9000 r-xs 00015000 08:01 3808610                    /opt/hibernate-release-4.2.7.Final/lib/required/hibernate-jpa-2.0-api-1.0.1.Final.jar
7f92762e9000-7f92762ec000 r-xs 00011000 08:01 3808609                    /opt/hibernate-release-4.2.7.Final/lib/required/hibernate-commons-annotations-4.0.2.Final.jar
7f92762ec000-7f92762f6000 rwxp 00000000 00:00 0 
7f92762f6000-7f92763ac000 rwxp 00000000 00:00 0 
7f92763ac000-7f92763af000 rwxp 00000000 00:00 0 
7f92763af000-7f92763b6000 r-xp 00000000 08:01 16127608                   /usr/lib/jvm/jdk1.6.0_45/jre/lib/amd64/jli/libjli.so
7f92763b6000-7f92764b7000 ---p 00007000 08:01 16127608                   /usr/lib/jvm/jdk1.6.0_45/jre/lib/amd64/jli/libjli.so
7f92764b7000-7f92764b9000 rwxp 00008000 08:01 16127608                   /usr/lib/jvm/jdk1.6.0_45/jre/lib/amd64/jli/libjli.so
7f92764b9000-7f92764ba000 rwxp 00000000 00:00 0 
7f92764ba000-7f92764bf000 r-xs 00048000 08:01 3808608                    /opt/hibernate-release-4.2.7.Final/lib/required/dom4j-1.6.1.jar
7f92764bf000-7f92764c4000 r-xs 00068000 08:01 3808605                    /opt/hibernate-release-4.2.7.Final/lib/required/antlr-2.7.7.jar
7f92764c4000-7f92764ca000 r-xs 00022000 08:01 6294136                    /opt/netbeans-7.3.1/java/modules/ext/eclipselink/javax.persistence_2.1.0.v201304241213.jar
7f92764ca000-7f92764cc000 r-xs 00009000 08:01 5767606                    /opt/DigitalPersona/UareUSDK/Linux/lib/java/dpuareu.jar
7f92764cc000-7f92764d4000 rwxs 00000000 08:01 9964375                    /tmp/hsperfdata_djadoremus/14844
7f92764d4000-7f92764d5000 rwxp 00000000 00:00 0 
7f92764d5000-7f92764d6000 r-xp 00000000 00:00 0 
7f92764d6000-7f92764d8000 rwxp 00000000 00:00 0 
7f92764d8000-7f92764d9000 r-xp 00022000 08:01 13638370                   /lib/x86_64-linux-gnu/ld-2.15.so
7f92764d9000-7f92764db000 rwxp 00023000 08:01 13638370                   /lib/x86_64-linux-gnu/ld-2.15.so
7fffb4b5f000-7fffb4b81000 rwxp 00000000 00:00 0                          [stack]
7fffb4bff000-7fffb4c00000 r-xp 00000000 00:00 0                          [vdso]
ffffffffff600000-ffffffffff601000 r-xp 00000000 00:00 0                  [vsyscall]

VM Arguments:
jvm_args: -Dfile.encoding=UTF-8 -Djava.library.path=/opt/DigitalPersona/UareUSDK/Linux/lib/lib 
java_command: sampleu.are.u.UareUSampleJava
Launcher Type: SUN_STANDARD

Environment Variables:
JAVA_HOME=/usr/lib/jvm/jdk1.6.0_45
PATH=/usr/lib/lightdm/lightdm:/usr/local/sbin:/usr/local/bin:/usr/sbin:/usr/bin:/sbin:/bin:/usr/games:/usr/lib/jvm/jdk1.6.0_45/bin:/usr/lib/jvm/jdk1.6.0_45/lib:/opt/adt-bundle-linux-x86_64-20130522/sdk/tools:/opt/adt-bundle-linux-x86_64-20130522/sdk/platform-tools:/opt/apache-ant-1.9.1/bin:/opt/apache-maven-3.0.5/bin:/opt/glassfishv3/bin:/opt/genymotion:/home/djadoremus/bin::/lib/uareu
LD_LIBRARY_PATH=/usr/lib/jvm/jdk1.6.0_45/jre/lib/amd64/server:/usr/lib/jvm/jdk1.6.0_45/jre/lib/amd64:/usr/lib/jvm/jdk1.6.0_45/jre/../lib/amd64:/usr/lib/jvm/jdk1.6.0_45/jre/lib/amd64:/usr/lib/jvm/jdk1.6.0_45/jre/lib/i386::/lib/uareu
SHELL=/bin/bash
DISPLAY=:0.0

Signal Handlers:
SIGSEGV: [libjvm.so+0x862a30], sa_mask[0]=0x7ffbfeff, sa_flags=0x10000004
SIGBUS: [libjvm.so+0x862a30], sa_mask[0]=0x7ffbfeff, sa_flags=0x10000004
SIGFPE: [libjvm.so+0x7106f0], sa_mask[0]=0x7ffbfeff, sa_flags=0x10000004
SIGPIPE: [libjvm.so+0x7106f0], sa_mask[0]=0x7ffbfeff, sa_flags=0x10000004
SIGXFSZ: [libjvm.so+0x7106f0], sa_mask[0]=0x7ffbfeff, sa_flags=0x10000004
SIGILL: [libjvm.so+0x7106f0], sa_mask[0]=0x7ffbfeff, sa_flags=0x10000004
SIGUSR1: SIG_DFL, sa_mask[0]=0x00000000, sa_flags=0x00000000
SIGUSR2: [libjvm.so+0x713520], sa_mask[0]=0x00000004, sa_flags=0x10000004
SIGHUP: [libjvm.so+0x713120], sa_mask[0]=0x7ffbfeff, sa_flags=0x10000004
SIGINT: SIG_IGN, sa_mask[0]=0x00000000, sa_flags=0x00000000
SIGTERM: [libjvm.so+0x713120], sa_mask[0]=0x7ffbfeff, sa_flags=0x10000004
SIGQUIT: [libjvm.so+0x713120], sa_mask[0]=0x7ffbfeff, sa_flags=0x10000004


---------------  S Y S T E M  ---------------

OS:wheezy/sid

uname:Linux 3.5.0-43-generic #66~precise1-Ubuntu SMP Thu Oct 24 14:52:23 UTC 2013 x86_64
libc:glibc 2.15 NPTL 2.15 
rlimit: STACK 8192k, CORE 0k, NPROC 46765, NOFILE 4096, AS infinity
load average:0.94 0.71 0.83

/proc/meminfo:
MemTotal:        6004656 kB
MemFree:          157428 kB
Buffers:           39932 kB
Cached:          1319300 kB
SwapCached:         3436 kB
Active:          3580552 kB
Inactive:        1384900 kB
Active(anon):    3166988 kB
Inactive(anon):   969840 kB
Active(file):     413564 kB
Inactive(file):   415060 kB
Unevictable:          32 kB
Mlocked:              32 kB
SwapTotal:       6180860 kB
SwapFree:        6091412 kB
Dirty:              8340 kB
Writeback:             0 kB
AnonPages:       3603160 kB
Mapped:           861112 kB
Shmem:            530604 kB
Slab:             154280 kB
SReclaimable:     107804 kB
SUnreclaim:        46476 kB
KernelStack:        6416 kB
PageTables:        65488 kB
NFS_Unstable:          0 kB
Bounce:                0 kB
WritebackTmp:          0 kB
CommitLimit:     9183188 kB
Committed_AS:    9667548 kB
VmallocTotal:   34359738367 kB
VmallocUsed:      377940 kB
VmallocChunk:   34359272172 kB
HardwareCorrupted:     0 kB
AnonHugePages:         0 kB
HugePages_Total:       0
HugePages_Free:        0
HugePages_Rsvd:        0
HugePages_Surp:        0
Hugepagesize:       2048 kB
DirectMap4k:      131068 kB
DirectMap2M:     6055936 kB


CPU:total 4 (2 cores per cpu, 2 threads per core) family 6 model 42 stepping 7, cmov, cx8, fxsr, mmx, sse, sse2, sse3, ssse3, sse4.1, sse4.2, popcnt, ht

/proc/cpuinfo:
processor	: 0
vendor_id	: GenuineIntel
cpu family	: 6
model		: 42
model name	: Intel(R) Core(TM) i5-2450M CPU @ 2.50GHz
stepping	: 7
microcode	: 0x23
cpu MHz		: 800.000
cache size	: 3072 KB
physical id	: 0
siblings	: 4
core id		: 0
cpu cores	: 2
apicid		: 0
initial apicid	: 0
fpu		: yes
fpu_exception	: yes
cpuid level	: 13
wp		: yes
flags		: fpu vme de pse tsc msr pae mce cx8 apic sep mtrr pge mca cmov pat pse36 clflush dts acpi mmx fxsr sse sse2 ss ht tm pbe syscall nx rdtscp lm constant_tsc arch_perfmon pebs bts nopl xtopology nonstop_tsc aperfmperf pni pclmulqdq dtes64 monitor ds_cpl vmx est tm2 ssse3 cx16 xtpr pdcm pcid sse4_1 sse4_2 x2apic popcnt tsc_deadline_timer aes xsave avx lahf_lm ida arat epb xsaveopt pln pts dtherm tpr_shadow vnmi flexpriority ept vpid
bogomips	: 4983.34
clflush size	: 64
cache_alignment	: 64
address sizes	: 36 bits physical, 48 bits virtual
power management:

processor	: 1
vendor_id	: GenuineIntel
cpu family	: 6
model		: 42
model name	: Intel(R) Core(TM) i5-2450M CPU @ 2.50GHz
stepping	: 7
microcode	: 0x23
cpu MHz		: 800.000
cache size	: 3072 KB
physical id	: 0
siblings	: 4
core id		: 0
cpu cores	: 2
apicid		: 1
initial apicid	: 1
fpu		: yes
fpu_exception	: yes
cpuid level	: 13
wp		: yes
flags		: fpu vme de pse tsc msr pae mce cx8 apic sep mtrr pge mca cmov pat pse36 clflush dts acpi mmx fxsr sse sse2 ss ht tm pbe syscall nx rdtscp lm constant_tsc arch_perfmon pebs bts nopl xtopology nonstop_tsc aperfmperf pni pclmulqdq dtes64 monitor ds_cpl vmx est tm2 ssse3 cx16 xtpr pdcm pcid sse4_1 sse4_2 x2apic popcnt tsc_deadline_timer aes xsave avx lahf_lm ida arat epb xsaveopt pln pts dtherm tpr_shadow vnmi flexpriority ept vpid
bogomips	: 4983.34
clflush size	: 64
cache_alignment	: 64
address sizes	: 36 bits physical, 48 bits virtual
power management:

processor	: 2
vendor_id	: GenuineIntel
cpu family	: 6
model		: 42
model name	: Intel(R) Core(TM) i5-2450M CPU @ 2.50GHz
stepping	: 7
microcode	: 0x23
cpu MHz		: 800.000
cache size	: 3072 KB
physical id	: 0
siblings	: 4
core id		: 1
cpu cores	: 2
apicid		: 2
initial apicid	: 2
fpu		: yes
fpu_exception	: yes
cpuid level	: 13
wp		: yes
flags		: fpu vme de pse tsc msr pae mce cx8 apic sep mtrr pge mca cmov pat pse36 clflush dts acpi mmx fxsr sse sse2 ss ht tm pbe syscall nx rdtscp lm constant_tsc arch_perfmon pebs bts nopl xtopology nonstop_tsc aperfmperf pni pclmulqdq dtes64 monitor ds_cpl vmx est tm2 ssse3 cx16 xtpr pdcm pcid sse4_1 sse4_2 x2apic popcnt tsc_deadline_timer aes xsave avx lahf_lm ida arat epb xsaveopt pln pts dtherm tpr_shadow vnmi flexpriority ept vpid
bogomips	: 4983.34
clflush size	: 64
cache_alignment	: 64
address sizes	: 36 bits physical, 48 bits virtual
power management:

processor	: 3
vendor_id	: GenuineIntel
cpu family	: 6
model		: 42
model name	: Intel(R) Core(TM) i5-2450M CPU @ 2.50GHz
stepping	: 7
microcode	: 0x23
cpu MHz		: 800.000
cache size	: 3072 KB
physical id	: 0
siblings	: 4
core id		: 1
cpu cores	: 2
apicid		: 3
initial apicid	: 3
fpu		: yes
fpu_exception	: yes
cpuid level	: 13
wp		: yes
flags		: fpu vme de pse tsc msr pae mce cx8 apic sep mtrr pge mca cmov pat pse36 clflush dts acpi mmx fxsr sse sse2 ss ht tm pbe syscall nx rdtscp lm constant_tsc arch_perfmon pebs bts nopl xtopology nonstop_tsc aperfmperf pni pclmulqdq dtes64 monitor ds_cpl vmx est tm2 ssse3 cx16 xtpr pdcm pcid sse4_1 sse4_2 x2apic popcnt tsc_deadline_timer aes xsave avx lahf_lm ida arat epb xsaveopt pln pts dtherm tpr_shadow vnmi flexpriority ept vpid
bogomips	: 4983.34
clflush size	: 64
cache_alignment	: 64
address sizes	: 36 bits physical, 48 bits virtual
power management:



Memory: 4k page, physical 6004656k(157428k free), swap 6180860k(6091412k free)

vm_info: Java HotSpot(TM) 64-Bit Server VM (20.45-b01) for linux-amd64 JRE (1.6.0_45-b06), built on Mar 26 2013 14:07:02 by "java_re" with gcc 3.2.2 (SuSE Linux)

time: Mon Dec  9 17:46:31 2013
elapsed time: 8 seconds

